#
# An unexpected error has occurred (11)
#
Stack:
/lib/x86_64-linux-gnu/libc.so.6(+0x430c0) [0x7fb151cf40c0]
/home/sumin/tools/Xilinx/Vitis/2020.1/lib/lnx64.o/libhls_hwsyn.so(opt::MAXIGroup::hasMatchedGroupKey(ssdm::Node const*)+0x132) [0x7fb1397f4362]
/home/sumin/tools/Xilinx/Vitis/2020.1/lib/lnx64.o/libhls_hwsyn.so(opt::MAXIManager::addNode(ssdm::Node const*)+0x2bc) [0x7fb1397f5a1c]
/home/sumin/tools/Xilinx/Vitis/2020.1/lib/lnx64.o/libhls_hwsyn.so(opt::SdcModuloScheduler::pipeline()+0xb24) [0x7fb13982cc14]
/home/sumin/tools/Xilinx/Vitis/2020.1/lib/lnx64.o/libhls_hwsyn.so(opt::PipelineConstraintGen::postprocess()+0x137) [0x7fb1397d38c7]
/home/sumin/tools/Xilinx/Vitis/2020.1/lib/lnx64.o/libhls_hwsyn.so(opt::LPSConstraintGenQueue::execute()+0x39c) [0x7fb1397c58bc]
/home/sumin/tools/Xilinx/Vitis/2020.1/lib/lnx64.o/libhls_hwsyn.so(opt::LPScheduler::imposeLinearConstraints()+0xe1d) [0x7fb1397e5f6d]
/home/sumin/tools/Xilinx/Vitis/2020.1/lib/lnx64.o/libhls_hwsyn.so(opt::LPScheduler::constructModel()+0xa5) [0x7fb1397e6545]
/home/sumin/tools/Xilinx/Vitis/2020.1/lib/lnx64.o/libhls_hwsyn.so(opt::LPScheduler::schedule()+0x4c) [0x7fb1397e50ec]
/home/sumin/tools/Xilinx/Vitis/2020.1/lib/lnx64.o/libhls_main.so(+0x179c9c) [0x7fb14982fc9c]
/home/sumin/tools/Xilinx/Vitis/2020.1/lib/lnx64.o/libhls_support.so(xpcl::TclCommand::callbackInternal(int, Tcl_Obj* const*)+0x374) [0x7fb14947cd84]
/home/sumin/tools/Xilinx/Vitis/2020.1/lib/lnx64.o/libhls_support.so(xpcl::TclCommand::callback(int, Tcl_Obj* const*)+0x2b) [0x7fb14948143b]
/home/sumin/tools/Xilinx/Vitis/2020.1/lib/lnx64.o/libtcl8.5.so(+0x334af) [0x7fb14d2634af]
/home/sumin/tools/Xilinx/Vitis/2020.1/lib/lnx64.o/libtcl8.5.so(+0x76875) [0x7fb14d2a6875]
/home/sumin/tools/Xilinx/Vitis/2020.1/lib/lnx64.o/libtcl8.5.so(TclObjInterpProcCore+0x420) [0x7fb14d2e7df0]
/home/sumin/tools/Xilinx/Vitis/2020.1/lib/lnx64.o/libtcl8.5.so(+0x334af) [0x7fb14d2634af]
/home/sumin/tools/Xilinx/Vitis/2020.1/lib/lnx64.o/libtcl8.5.so(+0x76875) [0x7fb14d2a6875]
/home/sumin/tools/Xilinx/Vitis/2020.1/lib/lnx64.o/libtcl8.5.so(+0x7e029) [0x7fb14d2ae029]
/home/sumin/tools/Xilinx/Vitis/2020.1/lib/lnx64.o/libtcl8.5.so(TclEvalObjEx+0x76) [0x7fb14d265156]
/home/sumin/tools/Xilinx/Vitis/2020.1/lib/lnx64.o/librdi_commontasks.so(+0x1dc582) [0x7fb141561582]
/home/sumin/tools/Xilinx/Vitis/2020.1/lib/lnx64.o/libtcl8.5.so(+0x334af) [0x7fb14d2634af]
/home/sumin/tools/Xilinx/Vitis/2020.1/lib/lnx64.o/libtcl8.5.so(+0x76875) [0x7fb14d2a6875]
/home/sumin/tools/Xilinx/Vitis/2020.1/lib/lnx64.o/libtcl8.5.so(+0x7e029) [0x7fb14d2ae029]
/home/sumin/tools/Xilinx/Vitis/2020.1/lib/lnx64.o/libtcl8.5.so(TclEvalObjEx+0x76) [0x7fb14d265156]
/home/sumin/tools/Xilinx/Vitis/2020.1/lib/lnx64.o/librdi_commontasks.so(+0x1db727) [0x7fb141560727]
/home/sumin/tools/Xilinx/Vitis/2020.1/lib/lnx64.o/libtcl8.5.so(+0x334af) [0x7fb14d2634af]
/home/sumin/tools/Xilinx/Vitis/2020.1/lib/lnx64.o/libtcl8.5.so(+0x76875) [0x7fb14d2a6875]
/home/sumin/tools/Xilinx/Vitis/2020.1/lib/lnx64.o/libtcl8.5.so(TclObjInterpProcCore+0x420) [0x7fb14d2e7df0]
/home/sumin/tools/Xilinx/Vitis/2020.1/lib/lnx64.o/libtcl8.5.so(+0x334af) [0x7fb14d2634af]
/home/sumin/tools/Xilinx/Vitis/2020.1/lib/lnx64.o/libtcl8.5.so(+0x76875) [0x7fb14d2a6875]
/home/sumin/tools/Xilinx/Vitis/2020.1/lib/lnx64.o/libtcl8.5.so(TclObjInterpProcCore+0x420) [0x7fb14d2e7df0]
/home/sumin/tools/Xilinx/Vitis/2020.1/lib/lnx64.o/libtcl8.5.so(+0x334af) [0x7fb14d2634af]
/home/sumin/tools/Xilinx/Vitis/2020.1/lib/lnx64.o/libtcl8.5.so(+0x76875) [0x7fb14d2a6875]
/home/sumin/tools/Xilinx/Vitis/2020.1/lib/lnx64.o/libtcl8.5.so(TclObjInterpProcCore+0x420) [0x7fb14d2e7df0]
/home/sumin/tools/Xilinx/Vitis/2020.1/lib/lnx64.o/libtcl8.5.so(+0x334af) [0x7fb14d2634af]
/home/sumin/tools/Xilinx/Vitis/2020.1/lib/lnx64.o/libtcl8.5.so(+0x76875) [0x7fb14d2a6875]
/home/sumin/tools/Xilinx/Vitis/2020.1/lib/lnx64.o/libtcl8.5.so(+0x7e029) [0x7fb14d2ae029]
/home/sumin/tools/Xilinx/Vitis/2020.1/lib/lnx64.o/libtcl8.5.so(TclEvalObjEx+0x76) [0x7fb14d265156]
/home/sumin/tools/Xilinx/Vitis/2020.1/lib/lnx64.o/librdi_commontasks.so(+0x1db727) [0x7fb141560727]
/home/sumin/tools/Xilinx/Vitis/2020.1/lib/lnx64.o/libtcl8.5.so(+0x334af) [0x7fb14d2634af]
/home/sumin/tools/Xilinx/Vitis/2020.1/lib/lnx64.o/libtcl8.5.so(+0x76875) [0x7fb14d2a6875]
/home/sumin/tools/Xilinx/Vitis/2020.1/lib/lnx64.o/libtcl8.5.so(Tcl_ExprObj+0xf8) [0x7fb14d2adc08]
/home/sumin/tools/Xilinx/Vitis/2020.1/lib/lnx64.o/libtcl8.5.so(Tcl_ExprBooleanObj+0x16) [0x7fb14d263e96]
/home/sumin/tools/Xilinx/Vitis/2020.1/lib/lnx64.o/libtcl8.5.so(+0x3e6de) [0x7fb14d26e6de]
/home/sumin/tools/Xilinx/Vitis/2020.1/lib/lnx64.o/libtcl8.5.so(+0x334af) [0x7fb14d2634af]
/home/sumin/tools/Xilinx/Vitis/2020.1/lib/lnx64.o/libtcl8.5.so(+0x34b38) [0x7fb14d264b38]
/home/sumin/tools/Xilinx/Vitis/2020.1/lib/lnx64.o/libtcl8.5.so(Tcl_EvalEx+0x13) [0x7fb14d2650a3]
/home/sumin/tools/Xilinx/Vitis/2020.1/lib/lnx64.o/libtcl8.5.so(Tcl_Eval+0x15) [0x7fb14d2650c5]
/home/sumin/tools/Xilinx/Vitis/2020.1/lib/lnx64.o/libhls_main.so(+0xae5eb) [0x7fb1497645eb]
/home/sumin/tools/Xilinx/Vitis/2020.1/lib/lnx64.o/libhls_support.so(xpcl::TclCommand::callbackInternal(int, Tcl_Obj* const*)+0x374) [0x7fb14947cd84]
/home/sumin/tools/Xilinx/Vitis/2020.1/lib/lnx64.o/libhls_support.so(xpcl::TclCommand::callback(int, Tcl_Obj* const*)+0x2b) [0x7fb14948143b]
/home/sumin/tools/Xilinx/Vitis/2020.1/lib/lnx64.o/libtcl8.5.so(+0x334af) [0x7fb14d2634af]
/home/sumin/tools/Xilinx/Vitis/2020.1/lib/lnx64.o/libtcl8.5.so(+0x76875) [0x7fb14d2a6875]
/home/sumin/tools/Xilinx/Vitis/2020.1/lib/lnx64.o/libtcl8.5.so(TclObjInterpProcCore+0x420) [0x7fb14d2e7df0]
/home/sumin/tools/Xilinx/Vitis/2020.1/lib/lnx64.o/libtcl8.5.so(+0x334af) [0x7fb14d2634af]
/home/sumin/tools/Xilinx/Vitis/2020.1/lib/lnx64.o/libtcl8.5.so(+0x76875) [0x7fb14d2a6875]
/home/sumin/tools/Xilinx/Vitis/2020.1/lib/lnx64.o/libtcl8.5.so(+0x7e029) [0x7fb14d2ae029]
/home/sumin/tools/Xilinx/Vitis/2020.1/lib/lnx64.o/libtcl8.5.so(TclEvalObjEx+0x76) [0x7fb14d265156]
/home/sumin/tools/Xilinx/Vitis/2020.1/lib/lnx64.o/librdi_commontasks.so(+0x1db727) [0x7fb141560727]
/home/sumin/tools/Xilinx/Vitis/2020.1/lib/lnx64.o/libtcl8.5.so(+0x334af) [0x7fb14d2634af]
/home/sumin/tools/Xilinx/Vitis/2020.1/lib/lnx64.o/libtcl8.5.so(+0x76875) [0x7fb14d2a6875]
/home/sumin/tools/Xilinx/Vitis/2020.1/lib/lnx64.o/libtcl8.5.so(Tcl_ExprObj+0xf8) [0x7fb14d2adc08]
/home/sumin/tools/Xilinx/Vitis/2020.1/lib/lnx64.o/libtcl8.5.so(Tcl_ExprBooleanObj+0x16) [0x7fb14d263e96]
/home/sumin/tools/Xilinx/Vitis/2020.1/lib/lnx64.o/libtcl8.5.so(+0x3e6de) [0x7fb14d26e6de]
/home/sumin/tools/Xilinx/Vitis/2020.1/lib/lnx64.o/libtcl8.5.so(+0x334af) [0x7fb14d2634af]
/home/sumin/tools/Xilinx/Vitis/2020.1/lib/lnx64.o/libtcl8.5.so(+0x34b38) [0x7fb14d264b38]
/home/sumin/tools/Xilinx/Vitis/2020.1/lib/lnx64.o/libtcl8.5.so(Tcl_EvalEx+0x13) [0x7fb14d2650a3]
/home/sumin/tools/Xilinx/Vitis/2020.1/lib/lnx64.o/libtcl8.5.so(Tcl_Eval+0x15) [0x7fb14d2650c5]
/home/sumin/tools/Xilinx/Vitis/2020.1/lib/lnx64.o/libhls_main.so(+0xae5eb) [0x7fb1497645eb]
/home/sumin/tools/Xilinx/Vitis/2020.1/lib/lnx64.o/libhls_support.so(xpcl::TclCommand::callbackInternal(int, Tcl_Obj* const*)+0x374) [0x7fb14947cd84]
/home/sumin/tools/Xilinx/Vitis/2020.1/lib/lnx64.o/libhls_support.so(xpcl::TclCommand::callback(int, Tcl_Obj* const*)+0x2b) [0x7fb14948143b]
/home/sumin/tools/Xilinx/Vitis/2020.1/lib/lnx64.o/libtcl8.5.so(+0x334af) [0x7fb14d2634af]
/home/sumin/tools/Xilinx/Vitis/2020.1/lib/lnx64.o/libtcl8.5.so(+0x34b38) [0x7fb14d264b38]
/home/sumin/tools/Xilinx/Vitis/2020.1/lib/lnx64.o/libtcl8.5.so(Tcl_EvalEx+0x13) [0x7fb14d2650a3]
/home/sumin/tools/Xilinx/Vitis/2020.1/lib/lnx64.o/libtcl8.5.so(Tcl_FSEvalFileEx+0x1da) [0x7fb14d2c9c5a]
/home/sumin/tools/Xilinx/Vitis/2020.1/lib/lnx64.o/libhls_main.so(ApSourceTclFile(std::__cxx11::basic_string<char, std::char_traits<char>, std::allocator<char> > const&, char const*)+0x77) [0x7fb149757407]
/home/sumin/tools/Xilinx/Vitis/2020.1/lib/lnx64.o/libhls_main.so(+0xa66e9) [0x7fb14975c6e9]
/home/sumin/tools/Xilinx/Vitis/2020.1/lib/lnx64.o/libhls_support.so(xpcl::TclCommand::callbackInternal(int, Tcl_Obj* const*)+0x374) [0x7fb14947cd84]
/home/sumin/tools/Xilinx/Vitis/2020.1/lib/lnx64.o/libhls_support.so(xpcl::TclCommand::callback(int, Tcl_Obj* const*)+0x2b) [0x7fb14948143b]
/home/sumin/tools/Xilinx/Vitis/2020.1/lib/lnx64.o/libtcl8.5.so(+0x334af) [0x7fb14d2634af]
/home/sumin/tools/Xilinx/Vitis/2020.1/lib/lnx64.o/libtcl8.5.so(Tcl_EvalObjv+0x32) [0x7fb14d2635e2]
/home/sumin/tools/Xilinx/Vitis/2020.1/lib/lnx64.o/libtcl8.5.so(TclEvalObjEx+0x322) [0x7fb14d265402]
/home/sumin/tools/Xilinx/Vitis/2020.1/lib/lnx64.o/librdi_hlstasks.so(+0x920a) [0x7fb149c0d20a]
/home/sumin/tools/Xilinx/Vitis/2020.1/lib/lnx64.o/librdi_common.so(+0x9627f2) [0x7fb152fc77f2]
/home/sumin/tools/Xilinx/Vitis/2020.1/lib/lnx64.o/libtcl8.5.so(+0x334af) [0x7fb14d2634af]
/home/sumin/tools/Xilinx/Vitis/2020.1/lib/lnx64.o/libtcl8.5.so(+0x34b38) [0x7fb14d264b38]
/home/sumin/tools/Xilinx/Vitis/2020.1/lib/lnx64.o/libtcl8.5.so(Tcl_EvalEx+0x13) [0x7fb14d2650a3]
/home/sumin/tools/Xilinx/Vitis/2020.1/lib/lnx64.o/libtcl8.5.so(TclEvalObjEx+0x3cf) [0x7fb14d2654af]
/home/sumin/tools/Xilinx/Vitis/2020.1/lib/lnx64.o/libtcl8.5.so(+0xb74a9) [0x7fb14d2e74a9]
/home/sumin/tools/Xilinx/Vitis/2020.1/lib/lnx64.o/libtcl8.5.so(+0x334af) [0x7fb14d2634af]
/home/sumin/tools/Xilinx/Vitis/2020.1/lib/lnx64.o/libtcl8.5.so(+0x76875) [0x7fb14d2a6875]
/home/sumin/tools/Xilinx/Vitis/2020.1/lib/lnx64.o/libtcl8.5.so(TclObjInterpProcCore+0x420) [0x7fb14d2e7df0]
/home/sumin/tools/Xilinx/Vitis/2020.1/lib/lnx64.o/libtcl8.5.so(+0x334af) [0x7fb14d2634af]
/home/sumin/tools/Xilinx/Vitis/2020.1/lib/lnx64.o/libtcl8.5.so(+0x76875) [0x7fb14d2a6875]
/home/sumin/tools/Xilinx/Vitis/2020.1/lib/lnx64.o/libtcl8.5.so(+0x7e029) [0x7fb14d2ae029]
/home/sumin/tools/Xilinx/Vitis/2020.1/lib/lnx64.o/libtcl8.5.so(TclEvalObjEx+0x76) [0x7fb14d265156]
/home/sumin/tools/Xilinx/Vitis/2020.1/lib/lnx64.o/librdi_commontasks.so(+0x1db7c4) [0x7fb1415607c4]
/home/sumin/tools/Xilinx/Vitis/2020.1/lib/lnx64.o/libtcl8.5.so(+0x334af) [0x7fb14d2634af]
/home/sumin/tools/Xilinx/Vitis/2020.1/lib/lnx64.o/libtcl8.5.so(+0x34b38) [0x7fb14d264b38]
/home/sumin/tools/Xilinx/Vitis/2020.1/lib/lnx64.o/libtcl8.5.so(+0xad486) [0x7fb14d2dd486]
/home/sumin/tools/Xilinx/Vitis/2020.1/lib/lnx64.o/libtcl8.5.so(+0x346c5) [0x7fb14d2646c5]
/home/sumin/tools/Xilinx/Vitis/2020.1/lib/lnx64.o/libtcl8.5.so(Tcl_EvalEx+0x13) [0x7fb14d2650a3]
/home/sumin/tools/Xilinx/Vitis/2020.1/lib/lnx64.o/libtcl8.5.so(Tcl_FSEvalFileEx+0x1da) [0x7fb14d2c9c5a]
/home/sumin/tools/Xilinx/Vitis/2020.1/lib/lnx64.o/librdi_commontasks.so(+0x1f895d) [0x7fb14157d95d]
/home/sumin/tools/Xilinx/Vitis/2020.1/lib/lnx64.o/librdi_common.so(+0x9627f2) [0x7fb152fc77f2]
/home/sumin/tools/Xilinx/Vitis/2020.1/lib/lnx64.o/libtcl8.5.so(+0x334af) [0x7fb14d2634af]
/home/sumin/tools/Xilinx/Vitis/2020.1/lib/lnx64.o/libtcl8.5.so(Tcl_EvalObjv+0x32) [0x7fb14d2635e2]
/home/sumin/tools/Xilinx/Vitis/2020.1/lib/lnx64.o/libtcl8.5.so(TclEvalObjEx+0x322) [0x7fb14d265402]
/home/sumin/tools/Xilinx/Vitis/2020.1/lib/lnx64.o/librdi_commontasks.so(+0x23f068) [0x7fb1415c4068]
/home/sumin/tools/Xilinx/Vitis/2020.1/lib/lnx64.o/librdi_commontasks.so(+0x24093e) [0x7fb1415c593e]
/home/sumin/tools/Xilinx/Vitis/2020.1/lib/lnx64.o/librdi_common.so(+0x9627f2) [0x7fb152fc77f2]
/home/sumin/tools/Xilinx/Vitis/2020.1/lib/lnx64.o/libtcl8.5.so(+0x334af) [0x7fb14d2634af]
/home/sumin/tools/Xilinx/Vitis/2020.1/lib/lnx64.o/libtcl8.5.so(Tcl_EvalObjv+0x32) [0x7fb14d2635e2]
/home/sumin/tools/Xilinx/Vitis/2020.1/lib/lnx64.o/libtcl8.5.so(TclEvalObjEx+0x322) [0x7fb14d265402]
/home/sumin/tools/Xilinx/Vitis/2020.1/lib/lnx64.o/librdi_commonmain.so(+0xad53) [0x7fb15245dd53]
/home/sumin/tools/Xilinx/Vitis/2020.1/lib/lnx64.o/libtcl8.5.so(Tcl_Main+0x1d0) [0x7fb14d2d0210]
/home/sumin/tools/Xilinx/Vitis/2020.1/lib/lnx64.o/librdi_common.so(+0x9a6e6b) [0x7fb15300be6b]
/lib/x86_64-linux-gnu/libpthread.so.0(+0x8609) [0x7fb14b98b609]
/lib/x86_64-linux-gnu/libc.so.6(clone+0x43) [0x7fb151dd0163]
