#
# An unexpected error has occurred (11)
#
Stack:
/lib/x86_64-linux-gnu/libc.so.6(+0x430c0) [0x7f4a141800c0]
/home/sumin/tools/Xilinx/Vitis/2020.1/lib/lnx64.o/libhls_hwsyn.so(opt::MAXIGroup::hasMatchedGroupKey(ssdm::Node const*)+0x132) [0x7f49fe092362]
/home/sumin/tools/Xilinx/Vitis/2020.1/lib/lnx64.o/libhls_hwsyn.so(opt::MAXIManager::addNode(ssdm::Node const*)+0x2bc) [0x7f49fe093a1c]
/home/sumin/tools/Xilinx/Vitis/2020.1/lib/lnx64.o/libhls_hwsyn.so(opt::SdcModuloScheduler::pipeline()+0xb24) [0x7f49fe0cac14]
/home/sumin/tools/Xilinx/Vitis/2020.1/lib/lnx64.o/libhls_hwsyn.so(opt::PipelineConstraintGen::postprocess()+0x137) [0x7f49fe0718c7]
/home/sumin/tools/Xilinx/Vitis/2020.1/lib/lnx64.o/libhls_hwsyn.so(opt::LPSConstraintGenQueue::execute()+0x39c) [0x7f49fe0638bc]
/home/sumin/tools/Xilinx/Vitis/2020.1/lib/lnx64.o/libhls_hwsyn.so(opt::LPScheduler::imposeLinearConstraints()+0xe1d) [0x7f49fe083f6d]
/home/sumin/tools/Xilinx/Vitis/2020.1/lib/lnx64.o/libhls_hwsyn.so(opt::LPScheduler::constructModel()+0xa5) [0x7f49fe084545]
/home/sumin/tools/Xilinx/Vitis/2020.1/lib/lnx64.o/libhls_hwsyn.so(opt::LPScheduler::schedule()+0x4c) [0x7f49fe0830ec]
/home/sumin/tools/Xilinx/Vitis/2020.1/lib/lnx64.o/libhls_main.so(+0x179c9c) [0x7f4a07a11c9c]
/home/sumin/tools/Xilinx/Vitis/2020.1/lib/lnx64.o/libhls_support.so(xpcl::TclCommand::callbackInternal(int, Tcl_Obj* const*)+0x374) [0x7f4a0765ed84]
/home/sumin/tools/Xilinx/Vitis/2020.1/lib/lnx64.o/libhls_support.so(xpcl::TclCommand::callback(int, Tcl_Obj* const*)+0x2b) [0x7f4a0766343b]
/home/sumin/tools/Xilinx/Vitis/2020.1/lib/lnx64.o/libtcl8.5.so(+0x334af) [0x7f4a0f6ef4af]
/home/sumin/tools/Xilinx/Vitis/2020.1/lib/lnx64.o/libtcl8.5.so(+0x76875) [0x7f4a0f732875]
/home/sumin/tools/Xilinx/Vitis/2020.1/lib/lnx64.o/libtcl8.5.so(TclObjInterpProcCore+0x420) [0x7f4a0f773df0]
/home/sumin/tools/Xilinx/Vitis/2020.1/lib/lnx64.o/libtcl8.5.so(+0x334af) [0x7f4a0f6ef4af]
/home/sumin/tools/Xilinx/Vitis/2020.1/lib/lnx64.o/libtcl8.5.so(+0x76875) [0x7f4a0f732875]
/home/sumin/tools/Xilinx/Vitis/2020.1/lib/lnx64.o/libtcl8.5.so(+0x7e029) [0x7f4a0f73a029]
/home/sumin/tools/Xilinx/Vitis/2020.1/lib/lnx64.o/libtcl8.5.so(TclEvalObjEx+0x76) [0x7f4a0f6f1156]
/home/sumin/tools/Xilinx/Vitis/2020.1/lib/lnx64.o/librdi_commontasks.so(+0x1dc582) [0x7f49ff9aa582]
/home/sumin/tools/Xilinx/Vitis/2020.1/lib/lnx64.o/libtcl8.5.so(+0x334af) [0x7f4a0f6ef4af]
/home/sumin/tools/Xilinx/Vitis/2020.1/lib/lnx64.o/libtcl8.5.so(+0x76875) [0x7f4a0f732875]
/home/sumin/tools/Xilinx/Vitis/2020.1/lib/lnx64.o/libtcl8.5.so(+0x7e029) [0x7f4a0f73a029]
/home/sumin/tools/Xilinx/Vitis/2020.1/lib/lnx64.o/libtcl8.5.so(TclEvalObjEx+0x76) [0x7f4a0f6f1156]
/home/sumin/tools/Xilinx/Vitis/2020.1/lib/lnx64.o/librdi_commontasks.so(+0x1db727) [0x7f49ff9a9727]
/home/sumin/tools/Xilinx/Vitis/2020.1/lib/lnx64.o/libtcl8.5.so(+0x334af) [0x7f4a0f6ef4af]
/home/sumin/tools/Xilinx/Vitis/2020.1/lib/lnx64.o/libtcl8.5.so(+0x76875) [0x7f4a0f732875]
/home/sumin/tools/Xilinx/Vitis/2020.1/lib/lnx64.o/libtcl8.5.so(TclObjInterpProcCore+0x420) [0x7f4a0f773df0]
/home/sumin/tools/Xilinx/Vitis/2020.1/lib/lnx64.o/libtcl8.5.so(+0x334af) [0x7f4a0f6ef4af]
/home/sumin/tools/Xilinx/Vitis/2020.1/lib/lnx64.o/libtcl8.5.so(+0x76875) [0x7f4a0f732875]
/home/sumin/tools/Xilinx/Vitis/2020.1/lib/lnx64.o/libtcl8.5.so(TclObjInterpProcCore+0x420) [0x7f4a0f773df0]
/home/sumin/tools/Xilinx/Vitis/2020.1/lib/lnx64.o/libtcl8.5.so(+0x334af) [0x7f4a0f6ef4af]
/home/sumin/tools/Xilinx/Vitis/2020.1/lib/lnx64.o/libtcl8.5.so(+0x76875) [0x7f4a0f732875]
/home/sumin/tools/Xilinx/Vitis/2020.1/lib/lnx64.o/libtcl8.5.so(TclObjInterpProcCore+0x420) [0x7f4a0f773df0]
/home/sumin/tools/Xilinx/Vitis/2020.1/lib/lnx64.o/libtcl8.5.so(+0x334af) [0x7f4a0f6ef4af]
/home/sumin/tools/Xilinx/Vitis/2020.1/lib/lnx64.o/libtcl8.5.so(+0x76875) [0x7f4a0f732875]
/home/sumin/tools/Xilinx/Vitis/2020.1/lib/lnx64.o/libtcl8.5.so(+0x7e029) [0x7f4a0f73a029]
/home/sumin/tools/Xilinx/Vitis/2020.1/lib/lnx64.o/libtcl8.5.so(TclEvalObjEx+0x76) [0x7f4a0f6f1156]
/home/sumin/tools/Xilinx/Vitis/2020.1/lib/lnx64.o/librdi_commontasks.so(+0x1db727) [0x7f49ff9a9727]
/home/sumin/tools/Xilinx/Vitis/2020.1/lib/lnx64.o/libtcl8.5.so(+0x334af) [0x7f4a0f6ef4af]
/home/sumin/tools/Xilinx/Vitis/2020.1/lib/lnx64.o/libtcl8.5.so(+0x76875) [0x7f4a0f732875]
/home/sumin/tools/Xilinx/Vitis/2020.1/lib/lnx64.o/libtcl8.5.so(Tcl_ExprObj+0xf8) [0x7f4a0f739c08]
/home/sumin/tools/Xilinx/Vitis/2020.1/lib/lnx64.o/libtcl8.5.so(Tcl_ExprBooleanObj+0x16) [0x7f4a0f6efe96]
/home/sumin/tools/Xilinx/Vitis/2020.1/lib/lnx64.o/libtcl8.5.so(+0x3e6de) [0x7f4a0f6fa6de]
/home/sumin/tools/Xilinx/Vitis/2020.1/lib/lnx64.o/libtcl8.5.so(+0x334af) [0x7f4a0f6ef4af]
/home/sumin/tools/Xilinx/Vitis/2020.1/lib/lnx64.o/libtcl8.5.so(+0x34b38) [0x7f4a0f6f0b38]
/home/sumin/tools/Xilinx/Vitis/2020.1/lib/lnx64.o/libtcl8.5.so(Tcl_EvalEx+0x13) [0x7f4a0f6f10a3]
/home/sumin/tools/Xilinx/Vitis/2020.1/lib/lnx64.o/libtcl8.5.so(Tcl_Eval+0x15) [0x7f4a0f6f10c5]
/home/sumin/tools/Xilinx/Vitis/2020.1/lib/lnx64.o/libhls_main.so(+0xae5eb) [0x7f4a079465eb]
/home/sumin/tools/Xilinx/Vitis/2020.1/lib/lnx64.o/libhls_support.so(xpcl::TclCommand::callbackInternal(int, Tcl_Obj* const*)+0x374) [0x7f4a0765ed84]
/home/sumin/tools/Xilinx/Vitis/2020.1/lib/lnx64.o/libhls_support.so(xpcl::TclCommand::callback(int, Tcl_Obj* const*)+0x2b) [0x7f4a0766343b]
/home/sumin/tools/Xilinx/Vitis/2020.1/lib/lnx64.o/libtcl8.5.so(+0x334af) [0x7f4a0f6ef4af]
/home/sumin/tools/Xilinx/Vitis/2020.1/lib/lnx64.o/libtcl8.5.so(+0x76875) [0x7f4a0f732875]
/home/sumin/tools/Xilinx/Vitis/2020.1/lib/lnx64.o/libtcl8.5.so(TclObjInterpProcCore+0x420) [0x7f4a0f773df0]
/home/sumin/tools/Xilinx/Vitis/2020.1/lib/lnx64.o/libtcl8.5.so(+0x334af) [0x7f4a0f6ef4af]
/home/sumin/tools/Xilinx/Vitis/2020.1/lib/lnx64.o/libtcl8.5.so(+0x76875) [0x7f4a0f732875]
/home/sumin/tools/Xilinx/Vitis/2020.1/lib/lnx64.o/libtcl8.5.so(+0x7e029) [0x7f4a0f73a029]
/home/sumin/tools/Xilinx/Vitis/2020.1/lib/lnx64.o/libtcl8.5.so(TclEvalObjEx+0x76) [0x7f4a0f6f1156]
/home/sumin/tools/Xilinx/Vitis/2020.1/lib/lnx64.o/librdi_commontasks.so(+0x1db727) [0x7f49ff9a9727]
/home/sumin/tools/Xilinx/Vitis/2020.1/lib/lnx64.o/libtcl8.5.so(+0x334af) [0x7f4a0f6ef4af]
/home/sumin/tools/Xilinx/Vitis/2020.1/lib/lnx64.o/libtcl8.5.so(+0x76875) [0x7f4a0f732875]
/home/sumin/tools/Xilinx/Vitis/2020.1/lib/lnx64.o/libtcl8.5.so(Tcl_ExprObj+0xf8) [0x7f4a0f739c08]
/home/sumin/tools/Xilinx/Vitis/2020.1/lib/lnx64.o/libtcl8.5.so(Tcl_ExprBooleanObj+0x16) [0x7f4a0f6efe96]
/home/sumin/tools/Xilinx/Vitis/2020.1/lib/lnx64.o/libtcl8.5.so(+0x3e6de) [0x7f4a0f6fa6de]
/home/sumin/tools/Xilinx/Vitis/2020.1/lib/lnx64.o/libtcl8.5.so(+0x334af) [0x7f4a0f6ef4af]
/home/sumin/tools/Xilinx/Vitis/2020.1/lib/lnx64.o/libtcl8.5.so(+0x34b38) [0x7f4a0f6f0b38]
/home/sumin/tools/Xilinx/Vitis/2020.1/lib/lnx64.o/libtcl8.5.so(Tcl_EvalEx+0x13) [0x7f4a0f6f10a3]
/home/sumin/tools/Xilinx/Vitis/2020.1/lib/lnx64.o/libtcl8.5.so(Tcl_Eval+0x15) [0x7f4a0f6f10c5]
/home/sumin/tools/Xilinx/Vitis/2020.1/lib/lnx64.o/libhls_main.so(+0xae5eb) [0x7f4a079465eb]
/home/sumin/tools/Xilinx/Vitis/2020.1/lib/lnx64.o/libhls_support.so(xpcl::TclCommand::callbackInternal(int, Tcl_Obj* const*)+0x374) [0x7f4a0765ed84]
/home/sumin/tools/Xilinx/Vitis/2020.1/lib/lnx64.o/libhls_support.so(xpcl::TclCommand::callback(int, Tcl_Obj* const*)+0x2b) [0x7f4a0766343b]
/home/sumin/tools/Xilinx/Vitis/2020.1/lib/lnx64.o/libtcl8.5.so(+0x334af) [0x7f4a0f6ef4af]
/home/sumin/tools/Xilinx/Vitis/2020.1/lib/lnx64.o/libtcl8.5.so(+0x34b38) [0x7f4a0f6f0b38]
/home/sumin/tools/Xilinx/Vitis/2020.1/lib/lnx64.o/libtcl8.5.so(Tcl_EvalEx+0x13) [0x7f4a0f6f10a3]
/home/sumin/tools/Xilinx/Vitis/2020.1/lib/lnx64.o/libtcl8.5.so(Tcl_FSEvalFileEx+0x1da) [0x7f4a0f755c5a]
/home/sumin/tools/Xilinx/Vitis/2020.1/lib/lnx64.o/libhls_main.so(ApSourceTclFile(std::__cxx11::basic_string<char, std::char_traits<char>, std::allocator<char> > const&, char const*)+0x77) [0x7f4a07939407]
/home/sumin/tools/Xilinx/Vitis/2020.1/lib/lnx64.o/libhls_main.so(+0xa66e9) [0x7f4a0793e6e9]
/home/sumin/tools/Xilinx/Vitis/2020.1/lib/lnx64.o/libhls_support.so(xpcl::TclCommand::callbackInternal(int, Tcl_Obj* const*)+0x374) [0x7f4a0765ed84]
/home/sumin/tools/Xilinx/Vitis/2020.1/lib/lnx64.o/libhls_support.so(xpcl::TclCommand::callback(int, Tcl_Obj* const*)+0x2b) [0x7f4a0766343b]
/home/sumin/tools/Xilinx/Vitis/2020.1/lib/lnx64.o/libtcl8.5.so(+0x334af) [0x7f4a0f6ef4af]
/home/sumin/tools/Xilinx/Vitis/2020.1/lib/lnx64.o/libtcl8.5.so(Tcl_EvalObjv+0x32) [0x7f4a0f6ef5e2]
/home/sumin/tools/Xilinx/Vitis/2020.1/lib/lnx64.o/libtcl8.5.so(TclEvalObjEx+0x322) [0x7f4a0f6f1402]
/home/sumin/tools/Xilinx/Vitis/2020.1/lib/lnx64.o/librdi_hlstasks.so(+0x920a) [0x7f4a07def20a]
/home/sumin/tools/Xilinx/Vitis/2020.1/lib/lnx64.o/librdi_common.so(+0x9627f2) [0x7f4a154537f2]
/home/sumin/tools/Xilinx/Vitis/2020.1/lib/lnx64.o/libtcl8.5.so(+0x334af) [0x7f4a0f6ef4af]
/home/sumin/tools/Xilinx/Vitis/2020.1/lib/lnx64.o/libtcl8.5.so(+0x34b38) [0x7f4a0f6f0b38]
/home/sumin/tools/Xilinx/Vitis/2020.1/lib/lnx64.o/libtcl8.5.so(Tcl_EvalEx+0x13) [0x7f4a0f6f10a3]
/home/sumin/tools/Xilinx/Vitis/2020.1/lib/lnx64.o/libtcl8.5.so(TclEvalObjEx+0x3cf) [0x7f4a0f6f14af]
/home/sumin/tools/Xilinx/Vitis/2020.1/lib/lnx64.o/libtcl8.5.so(+0xb74a9) [0x7f4a0f7734a9]
/home/sumin/tools/Xilinx/Vitis/2020.1/lib/lnx64.o/libtcl8.5.so(+0x334af) [0x7f4a0f6ef4af]
/home/sumin/tools/Xilinx/Vitis/2020.1/lib/lnx64.o/libtcl8.5.so(+0x76875) [0x7f4a0f732875]
/home/sumin/tools/Xilinx/Vitis/2020.1/lib/lnx64.o/libtcl8.5.so(TclObjInterpProcCore+0x420) [0x7f4a0f773df0]
/home/sumin/tools/Xilinx/Vitis/2020.1/lib/lnx64.o/libtcl8.5.so(+0x334af) [0x7f4a0f6ef4af]
/home/sumin/tools/Xilinx/Vitis/2020.1/lib/lnx64.o/libtcl8.5.so(+0x76875) [0x7f4a0f732875]
/home/sumin/tools/Xilinx/Vitis/2020.1/lib/lnx64.o/libtcl8.5.so(+0x7e029) [0x7f4a0f73a029]
/home/sumin/tools/Xilinx/Vitis/2020.1/lib/lnx64.o/libtcl8.5.so(TclEvalObjEx+0x76) [0x7f4a0f6f1156]
/home/sumin/tools/Xilinx/Vitis/2020.1/lib/lnx64.o/librdi_commontasks.so(+0x1db7c4) [0x7f49ff9a97c4]
/home/sumin/tools/Xilinx/Vitis/2020.1/lib/lnx64.o/libtcl8.5.so(+0x334af) [0x7f4a0f6ef4af]
/home/sumin/tools/Xilinx/Vitis/2020.1/lib/lnx64.o/libtcl8.5.so(+0x34b38) [0x7f4a0f6f0b38]
/home/sumin/tools/Xilinx/Vitis/2020.1/lib/lnx64.o/libtcl8.5.so(+0xad486) [0x7f4a0f769486]
/home/sumin/tools/Xilinx/Vitis/2020.1/lib/lnx64.o/libtcl8.5.so(+0x346c5) [0x7f4a0f6f06c5]
/home/sumin/tools/Xilinx/Vitis/2020.1/lib/lnx64.o/libtcl8.5.so(Tcl_EvalEx+0x13) [0x7f4a0f6f10a3]
/home/sumin/tools/Xilinx/Vitis/2020.1/lib/lnx64.o/libtcl8.5.so(Tcl_FSEvalFileEx+0x1da) [0x7f4a0f755c5a]
/home/sumin/tools/Xilinx/Vitis/2020.1/lib/lnx64.o/librdi_commontasks.so(+0x1f895d) [0x7f49ff9c695d]
/home/sumin/tools/Xilinx/Vitis/2020.1/lib/lnx64.o/librdi_common.so(+0x9627f2) [0x7f4a154537f2]
/home/sumin/tools/Xilinx/Vitis/2020.1/lib/lnx64.o/libtcl8.5.so(+0x334af) [0x7f4a0f6ef4af]
/home/sumin/tools/Xilinx/Vitis/2020.1/lib/lnx64.o/libtcl8.5.so(Tcl_EvalObjv+0x32) [0x7f4a0f6ef5e2]
/home/sumin/tools/Xilinx/Vitis/2020.1/lib/lnx64.o/libtcl8.5.so(TclEvalObjEx+0x322) [0x7f4a0f6f1402]
/home/sumin/tools/Xilinx/Vitis/2020.1/lib/lnx64.o/librdi_commontasks.so(+0x23f068) [0x7f49ffa0d068]
/home/sumin/tools/Xilinx/Vitis/2020.1/lib/lnx64.o/librdi_commontasks.so(+0x24093e) [0x7f49ffa0e93e]
/home/sumin/tools/Xilinx/Vitis/2020.1/lib/lnx64.o/librdi_common.so(+0x9627f2) [0x7f4a154537f2]
/home/sumin/tools/Xilinx/Vitis/2020.1/lib/lnx64.o/libtcl8.5.so(+0x334af) [0x7f4a0f6ef4af]
/home/sumin/tools/Xilinx/Vitis/2020.1/lib/lnx64.o/libtcl8.5.so(Tcl_EvalObjv+0x32) [0x7f4a0f6ef5e2]
/home/sumin/tools/Xilinx/Vitis/2020.1/lib/lnx64.o/libtcl8.5.so(TclEvalObjEx+0x322) [0x7f4a0f6f1402]
/home/sumin/tools/Xilinx/Vitis/2020.1/lib/lnx64.o/librdi_commonmain.so(+0xad53) [0x7f4a148e9d53]
/home/sumin/tools/Xilinx/Vitis/2020.1/lib/lnx64.o/libtcl8.5.so(Tcl_Main+0x1d0) [0x7f4a0f75c210]
/home/sumin/tools/Xilinx/Vitis/2020.1/lib/lnx64.o/librdi_common.so(+0x9a6e6b) [0x7f4a15497e6b]
/lib/x86_64-linux-gnu/libpthread.so.0(+0x8609) [0x7f4a0de17609]
/lib/x86_64-linux-gnu/libc.so.6(clone+0x43) [0x7f4a1425c163]
