#
# An unexpected error has occurred (11)
#
Stack:
/lib/x86_64-linux-gnu/libc.so.6(+0x430c0) [0x7f0466aa20c0]
/home/sumin/tools/Xilinx/Vitis/2020.1/lib/lnx64.o/libhls_hwsyn.so(opt::MAXIGroup::hasMatchedGroupKey(ssdm::Node const*)+0x132) [0x7f044d7f4362]
/home/sumin/tools/Xilinx/Vitis/2020.1/lib/lnx64.o/libhls_hwsyn.so(opt::MAXIManager::addNode(ssdm::Node const*)+0x2bc) [0x7f044d7f5a1c]
/home/sumin/tools/Xilinx/Vitis/2020.1/lib/lnx64.o/libhls_hwsyn.so(opt::SdcModuloScheduler::pipeline()+0xb24) [0x7f044d82cc14]
/home/sumin/tools/Xilinx/Vitis/2020.1/lib/lnx64.o/libhls_hwsyn.so(opt::PipelineConstraintGen::postprocess()+0x137) [0x7f044d7d38c7]
/home/sumin/tools/Xilinx/Vitis/2020.1/lib/lnx64.o/libhls_hwsyn.so(opt::LPSConstraintGenQueue::execute()+0x39c) [0x7f044d7c58bc]
/home/sumin/tools/Xilinx/Vitis/2020.1/lib/lnx64.o/libhls_hwsyn.so(opt::LPScheduler::imposeLinearConstraints()+0xe1d) [0x7f044d7e5f6d]
/home/sumin/tools/Xilinx/Vitis/2020.1/lib/lnx64.o/libhls_hwsyn.so(opt::LPScheduler::constructModel()+0xa5) [0x7f044d7e6545]
/home/sumin/tools/Xilinx/Vitis/2020.1/lib/lnx64.o/libhls_hwsyn.so(opt::LPScheduler::schedule()+0x4c) [0x7f044d7e50ec]
/home/sumin/tools/Xilinx/Vitis/2020.1/lib/lnx64.o/libhls_main.so(+0x179c9c) [0x7f045e5ddc9c]
/home/sumin/tools/Xilinx/Vitis/2020.1/lib/lnx64.o/libhls_support.so(xpcl::TclCommand::callbackInternal(int, Tcl_Obj* const*)+0x374) [0x7f045e22ad84]
/home/sumin/tools/Xilinx/Vitis/2020.1/lib/lnx64.o/libhls_support.so(xpcl::TclCommand::callback(int, Tcl_Obj* const*)+0x2b) [0x7f045e22f43b]
/home/sumin/tools/Xilinx/Vitis/2020.1/lib/lnx64.o/libtcl8.5.so(+0x334af) [0x7f04620114af]
/home/sumin/tools/Xilinx/Vitis/2020.1/lib/lnx64.o/libtcl8.5.so(+0x76875) [0x7f0462054875]
/home/sumin/tools/Xilinx/Vitis/2020.1/lib/lnx64.o/libtcl8.5.so(TclObjInterpProcCore+0x420) [0x7f0462095df0]
/home/sumin/tools/Xilinx/Vitis/2020.1/lib/lnx64.o/libtcl8.5.so(+0x334af) [0x7f04620114af]
/home/sumin/tools/Xilinx/Vitis/2020.1/lib/lnx64.o/libtcl8.5.so(+0x76875) [0x7f0462054875]
/home/sumin/tools/Xilinx/Vitis/2020.1/lib/lnx64.o/libtcl8.5.so(+0x7e029) [0x7f046205c029]
/home/sumin/tools/Xilinx/Vitis/2020.1/lib/lnx64.o/libtcl8.5.so(TclEvalObjEx+0x76) [0x7f0462013156]
/home/sumin/tools/Xilinx/Vitis/2020.1/lib/lnx64.o/librdi_commontasks.so(+0x1dc582) [0x7f04565a9582]
/home/sumin/tools/Xilinx/Vitis/2020.1/lib/lnx64.o/libtcl8.5.so(+0x334af) [0x7f04620114af]
/home/sumin/tools/Xilinx/Vitis/2020.1/lib/lnx64.o/libtcl8.5.so(+0x76875) [0x7f0462054875]
/home/sumin/tools/Xilinx/Vitis/2020.1/lib/lnx64.o/libtcl8.5.so(+0x7e029) [0x7f046205c029]
/home/sumin/tools/Xilinx/Vitis/2020.1/lib/lnx64.o/libtcl8.5.so(TclEvalObjEx+0x76) [0x7f0462013156]
/home/sumin/tools/Xilinx/Vitis/2020.1/lib/lnx64.o/librdi_commontasks.so(+0x1db727) [0x7f04565a8727]
/home/sumin/tools/Xilinx/Vitis/2020.1/lib/lnx64.o/libtcl8.5.so(+0x334af) [0x7f04620114af]
/home/sumin/tools/Xilinx/Vitis/2020.1/lib/lnx64.o/libtcl8.5.so(+0x76875) [0x7f0462054875]
/home/sumin/tools/Xilinx/Vitis/2020.1/lib/lnx64.o/libtcl8.5.so(TclObjInterpProcCore+0x420) [0x7f0462095df0]
/home/sumin/tools/Xilinx/Vitis/2020.1/lib/lnx64.o/libtcl8.5.so(+0x334af) [0x7f04620114af]
/home/sumin/tools/Xilinx/Vitis/2020.1/lib/lnx64.o/libtcl8.5.so(+0x76875) [0x7f0462054875]
/home/sumin/tools/Xilinx/Vitis/2020.1/lib/lnx64.o/libtcl8.5.so(TclObjInterpProcCore+0x420) [0x7f0462095df0]
/home/sumin/tools/Xilinx/Vitis/2020.1/lib/lnx64.o/libtcl8.5.so(+0x334af) [0x7f04620114af]
/home/sumin/tools/Xilinx/Vitis/2020.1/lib/lnx64.o/libtcl8.5.so(+0x76875) [0x7f0462054875]
/home/sumin/tools/Xilinx/Vitis/2020.1/lib/lnx64.o/libtcl8.5.so(TclObjInterpProcCore+0x420) [0x7f0462095df0]
/home/sumin/tools/Xilinx/Vitis/2020.1/lib/lnx64.o/libtcl8.5.so(+0x334af) [0x7f04620114af]
/home/sumin/tools/Xilinx/Vitis/2020.1/lib/lnx64.o/libtcl8.5.so(+0x76875) [0x7f0462054875]
/home/sumin/tools/Xilinx/Vitis/2020.1/lib/lnx64.o/libtcl8.5.so(+0x7e029) [0x7f046205c029]
/home/sumin/tools/Xilinx/Vitis/2020.1/lib/lnx64.o/libtcl8.5.so(TclEvalObjEx+0x76) [0x7f0462013156]
/home/sumin/tools/Xilinx/Vitis/2020.1/lib/lnx64.o/librdi_commontasks.so(+0x1db727) [0x7f04565a8727]
/home/sumin/tools/Xilinx/Vitis/2020.1/lib/lnx64.o/libtcl8.5.so(+0x334af) [0x7f04620114af]
/home/sumin/tools/Xilinx/Vitis/2020.1/lib/lnx64.o/libtcl8.5.so(+0x76875) [0x7f0462054875]
/home/sumin/tools/Xilinx/Vitis/2020.1/lib/lnx64.o/libtcl8.5.so(Tcl_ExprObj+0xf8) [0x7f046205bc08]
/home/sumin/tools/Xilinx/Vitis/2020.1/lib/lnx64.o/libtcl8.5.so(Tcl_ExprBooleanObj+0x16) [0x7f0462011e96]
/home/sumin/tools/Xilinx/Vitis/2020.1/lib/lnx64.o/libtcl8.5.so(+0x3e6de) [0x7f046201c6de]
/home/sumin/tools/Xilinx/Vitis/2020.1/lib/lnx64.o/libtcl8.5.so(+0x334af) [0x7f04620114af]
/home/sumin/tools/Xilinx/Vitis/2020.1/lib/lnx64.o/libtcl8.5.so(+0x34b38) [0x7f0462012b38]
/home/sumin/tools/Xilinx/Vitis/2020.1/lib/lnx64.o/libtcl8.5.so(Tcl_EvalEx+0x13) [0x7f04620130a3]
/home/sumin/tools/Xilinx/Vitis/2020.1/lib/lnx64.o/libtcl8.5.so(Tcl_Eval+0x15) [0x7f04620130c5]
/home/sumin/tools/Xilinx/Vitis/2020.1/lib/lnx64.o/libhls_main.so(+0xae5eb) [0x7f045e5125eb]
/home/sumin/tools/Xilinx/Vitis/2020.1/lib/lnx64.o/libhls_support.so(xpcl::TclCommand::callbackInternal(int, Tcl_Obj* const*)+0x374) [0x7f045e22ad84]
/home/sumin/tools/Xilinx/Vitis/2020.1/lib/lnx64.o/libhls_support.so(xpcl::TclCommand::callback(int, Tcl_Obj* const*)+0x2b) [0x7f045e22f43b]
/home/sumin/tools/Xilinx/Vitis/2020.1/lib/lnx64.o/libtcl8.5.so(+0x334af) [0x7f04620114af]
/home/sumin/tools/Xilinx/Vitis/2020.1/lib/lnx64.o/libtcl8.5.so(+0x76875) [0x7f0462054875]
/home/sumin/tools/Xilinx/Vitis/2020.1/lib/lnx64.o/libtcl8.5.so(TclObjInterpProcCore+0x420) [0x7f0462095df0]
/home/sumin/tools/Xilinx/Vitis/2020.1/lib/lnx64.o/libtcl8.5.so(+0x334af) [0x7f04620114af]
/home/sumin/tools/Xilinx/Vitis/2020.1/lib/lnx64.o/libtcl8.5.so(+0x76875) [0x7f0462054875]
/home/sumin/tools/Xilinx/Vitis/2020.1/lib/lnx64.o/libtcl8.5.so(+0x7e029) [0x7f046205c029]
/home/sumin/tools/Xilinx/Vitis/2020.1/lib/lnx64.o/libtcl8.5.so(TclEvalObjEx+0x76) [0x7f0462013156]
/home/sumin/tools/Xilinx/Vitis/2020.1/lib/lnx64.o/librdi_commontasks.so(+0x1db727) [0x7f04565a8727]
/home/sumin/tools/Xilinx/Vitis/2020.1/lib/lnx64.o/libtcl8.5.so(+0x334af) [0x7f04620114af]
/home/sumin/tools/Xilinx/Vitis/2020.1/lib/lnx64.o/libtcl8.5.so(+0x76875) [0x7f0462054875]
/home/sumin/tools/Xilinx/Vitis/2020.1/lib/lnx64.o/libtcl8.5.so(Tcl_ExprObj+0xf8) [0x7f046205bc08]
/home/sumin/tools/Xilinx/Vitis/2020.1/lib/lnx64.o/libtcl8.5.so(Tcl_ExprBooleanObj+0x16) [0x7f0462011e96]
/home/sumin/tools/Xilinx/Vitis/2020.1/lib/lnx64.o/libtcl8.5.so(+0x3e6de) [0x7f046201c6de]
/home/sumin/tools/Xilinx/Vitis/2020.1/lib/lnx64.o/libtcl8.5.so(+0x334af) [0x7f04620114af]
/home/sumin/tools/Xilinx/Vitis/2020.1/lib/lnx64.o/libtcl8.5.so(+0x34b38) [0x7f0462012b38]
/home/sumin/tools/Xilinx/Vitis/2020.1/lib/lnx64.o/libtcl8.5.so(Tcl_EvalEx+0x13) [0x7f04620130a3]
/home/sumin/tools/Xilinx/Vitis/2020.1/lib/lnx64.o/libtcl8.5.so(Tcl_Eval+0x15) [0x7f04620130c5]
/home/sumin/tools/Xilinx/Vitis/2020.1/lib/lnx64.o/libhls_main.so(+0xae5eb) [0x7f045e5125eb]
/home/sumin/tools/Xilinx/Vitis/2020.1/lib/lnx64.o/libhls_support.so(xpcl::TclCommand::callbackInternal(int, Tcl_Obj* const*)+0x374) [0x7f045e22ad84]
/home/sumin/tools/Xilinx/Vitis/2020.1/lib/lnx64.o/libhls_support.so(xpcl::TclCommand::callback(int, Tcl_Obj* const*)+0x2b) [0x7f045e22f43b]
/home/sumin/tools/Xilinx/Vitis/2020.1/lib/lnx64.o/libtcl8.5.so(+0x334af) [0x7f04620114af]
/home/sumin/tools/Xilinx/Vitis/2020.1/lib/lnx64.o/libtcl8.5.so(+0x34b38) [0x7f0462012b38]
/home/sumin/tools/Xilinx/Vitis/2020.1/lib/lnx64.o/libtcl8.5.so(Tcl_EvalEx+0x13) [0x7f04620130a3]
/home/sumin/tools/Xilinx/Vitis/2020.1/lib/lnx64.o/libtcl8.5.so(Tcl_FSEvalFileEx+0x1da) [0x7f0462077c5a]
/home/sumin/tools/Xilinx/Vitis/2020.1/lib/lnx64.o/libhls_main.so(ApSourceTclFile(std::__cxx11::basic_string<char, std::char_traits<char>, std::allocator<char> > const&, char const*)+0x77) [0x7f045e505407]
/home/sumin/tools/Xilinx/Vitis/2020.1/lib/lnx64.o/libhls_main.so(+0xa66e9) [0x7f045e50a6e9]
/home/sumin/tools/Xilinx/Vitis/2020.1/lib/lnx64.o/libhls_support.so(xpcl::TclCommand::callbackInternal(int, Tcl_Obj* const*)+0x374) [0x7f045e22ad84]
/home/sumin/tools/Xilinx/Vitis/2020.1/lib/lnx64.o/libhls_support.so(xpcl::TclCommand::callback(int, Tcl_Obj* const*)+0x2b) [0x7f045e22f43b]
/home/sumin/tools/Xilinx/Vitis/2020.1/lib/lnx64.o/libtcl8.5.so(+0x334af) [0x7f04620114af]
/home/sumin/tools/Xilinx/Vitis/2020.1/lib/lnx64.o/libtcl8.5.so(Tcl_EvalObjv+0x32) [0x7f04620115e2]
/home/sumin/tools/Xilinx/Vitis/2020.1/lib/lnx64.o/libtcl8.5.so(TclEvalObjEx+0x322) [0x7f0462013402]
/home/sumin/tools/Xilinx/Vitis/2020.1/lib/lnx64.o/librdi_hlstasks.so(+0x920a) [0x7f045e9bb20a]
/home/sumin/tools/Xilinx/Vitis/2020.1/lib/lnx64.o/librdi_common.so(+0x9627f2) [0x7f0467d757f2]
/home/sumin/tools/Xilinx/Vitis/2020.1/lib/lnx64.o/libtcl8.5.so(+0x334af) [0x7f04620114af]
/home/sumin/tools/Xilinx/Vitis/2020.1/lib/lnx64.o/libtcl8.5.so(+0x34b38) [0x7f0462012b38]
/home/sumin/tools/Xilinx/Vitis/2020.1/lib/lnx64.o/libtcl8.5.so(Tcl_EvalEx+0x13) [0x7f04620130a3]
/home/sumin/tools/Xilinx/Vitis/2020.1/lib/lnx64.o/libtcl8.5.so(TclEvalObjEx+0x3cf) [0x7f04620134af]
/home/sumin/tools/Xilinx/Vitis/2020.1/lib/lnx64.o/libtcl8.5.so(+0xb74a9) [0x7f04620954a9]
/home/sumin/tools/Xilinx/Vitis/2020.1/lib/lnx64.o/libtcl8.5.so(+0x334af) [0x7f04620114af]
/home/sumin/tools/Xilinx/Vitis/2020.1/lib/lnx64.o/libtcl8.5.so(+0x76875) [0x7f0462054875]
/home/sumin/tools/Xilinx/Vitis/2020.1/lib/lnx64.o/libtcl8.5.so(TclObjInterpProcCore+0x420) [0x7f0462095df0]
/home/sumin/tools/Xilinx/Vitis/2020.1/lib/lnx64.o/libtcl8.5.so(+0x334af) [0x7f04620114af]
/home/sumin/tools/Xilinx/Vitis/2020.1/lib/lnx64.o/libtcl8.5.so(+0x76875) [0x7f0462054875]
/home/sumin/tools/Xilinx/Vitis/2020.1/lib/lnx64.o/libtcl8.5.so(+0x7e029) [0x7f046205c029]
/home/sumin/tools/Xilinx/Vitis/2020.1/lib/lnx64.o/libtcl8.5.so(TclEvalObjEx+0x76) [0x7f0462013156]
/home/sumin/tools/Xilinx/Vitis/2020.1/lib/lnx64.o/librdi_commontasks.so(+0x1db7c4) [0x7f04565a87c4]
/home/sumin/tools/Xilinx/Vitis/2020.1/lib/lnx64.o/libtcl8.5.so(+0x334af) [0x7f04620114af]
/home/sumin/tools/Xilinx/Vitis/2020.1/lib/lnx64.o/libtcl8.5.so(+0x34b38) [0x7f0462012b38]
/home/sumin/tools/Xilinx/Vitis/2020.1/lib/lnx64.o/libtcl8.5.so(+0xad486) [0x7f046208b486]
/home/sumin/tools/Xilinx/Vitis/2020.1/lib/lnx64.o/libtcl8.5.so(+0x346c5) [0x7f04620126c5]
/home/sumin/tools/Xilinx/Vitis/2020.1/lib/lnx64.o/libtcl8.5.so(Tcl_EvalEx+0x13) [0x7f04620130a3]
/home/sumin/tools/Xilinx/Vitis/2020.1/lib/lnx64.o/libtcl8.5.so(Tcl_FSEvalFileEx+0x1da) [0x7f0462077c5a]
/home/sumin/tools/Xilinx/Vitis/2020.1/lib/lnx64.o/librdi_commontasks.so(+0x1f895d) [0x7f04565c595d]
/home/sumin/tools/Xilinx/Vitis/2020.1/lib/lnx64.o/librdi_common.so(+0x9627f2) [0x7f0467d757f2]
/home/sumin/tools/Xilinx/Vitis/2020.1/lib/lnx64.o/libtcl8.5.so(+0x334af) [0x7f04620114af]
/home/sumin/tools/Xilinx/Vitis/2020.1/lib/lnx64.o/libtcl8.5.so(Tcl_EvalObjv+0x32) [0x7f04620115e2]
/home/sumin/tools/Xilinx/Vitis/2020.1/lib/lnx64.o/libtcl8.5.so(TclEvalObjEx+0x322) [0x7f0462013402]
/home/sumin/tools/Xilinx/Vitis/2020.1/lib/lnx64.o/librdi_commontasks.so(+0x23f068) [0x7f045660c068]
/home/sumin/tools/Xilinx/Vitis/2020.1/lib/lnx64.o/librdi_commontasks.so(+0x24093e) [0x7f045660d93e]
/home/sumin/tools/Xilinx/Vitis/2020.1/lib/lnx64.o/librdi_common.so(+0x9627f2) [0x7f0467d757f2]
/home/sumin/tools/Xilinx/Vitis/2020.1/lib/lnx64.o/libtcl8.5.so(+0x334af) [0x7f04620114af]
/home/sumin/tools/Xilinx/Vitis/2020.1/lib/lnx64.o/libtcl8.5.so(Tcl_EvalObjv+0x32) [0x7f04620115e2]
/home/sumin/tools/Xilinx/Vitis/2020.1/lib/lnx64.o/libtcl8.5.so(TclEvalObjEx+0x322) [0x7f0462013402]
/home/sumin/tools/Xilinx/Vitis/2020.1/lib/lnx64.o/librdi_commonmain.so(+0xad53) [0x7f046720bd53]
/home/sumin/tools/Xilinx/Vitis/2020.1/lib/lnx64.o/libtcl8.5.so(Tcl_Main+0x1d0) [0x7f046207e210]
/home/sumin/tools/Xilinx/Vitis/2020.1/lib/lnx64.o/librdi_common.so(+0x9a6e6b) [0x7f0467db9e6b]
/lib/x86_64-linux-gnu/libpthread.so.0(+0x8609) [0x7f0460739609]
/lib/x86_64-linux-gnu/libc.so.6(clone+0x43) [0x7f0466b7e163]
