#
# An unexpected error has occurred (11)
#
Stack:
/lib/x86_64-linux-gnu/libc.so.6(+0x430c0) [0x7f5b31a300c0]
/home/sumin/tools/Xilinx/Vitis/2020.1/lib/lnx64.o/libhls_hwsyn.so(opt::MAXIGroup::hasMatchedGroupKey(ssdm::Node const*)+0x132) [0x7f5b197f4362]
/home/sumin/tools/Xilinx/Vitis/2020.1/lib/lnx64.o/libhls_hwsyn.so(opt::MAXIManager::addNode(ssdm::Node const*)+0x2bc) [0x7f5b197f5a1c]
/home/sumin/tools/Xilinx/Vitis/2020.1/lib/lnx64.o/libhls_hwsyn.so(opt::SdcModuloScheduler::pipeline()+0xb24) [0x7f5b1982cc14]
/home/sumin/tools/Xilinx/Vitis/2020.1/lib/lnx64.o/libhls_hwsyn.so(opt::PipelineConstraintGen::postprocess()+0x137) [0x7f5b197d38c7]
/home/sumin/tools/Xilinx/Vitis/2020.1/lib/lnx64.o/libhls_hwsyn.so(opt::LPSConstraintGenQueue::execute()+0x39c) [0x7f5b197c58bc]
/home/sumin/tools/Xilinx/Vitis/2020.1/lib/lnx64.o/libhls_hwsyn.so(opt::LPScheduler::imposeLinearConstraints()+0xe1d) [0x7f5b197e5f6d]
/home/sumin/tools/Xilinx/Vitis/2020.1/lib/lnx64.o/libhls_hwsyn.so(opt::LPScheduler::constructModel()+0xa5) [0x7f5b197e6545]
/home/sumin/tools/Xilinx/Vitis/2020.1/lib/lnx64.o/libhls_hwsyn.so(opt::LPScheduler::schedule()+0x4c) [0x7f5b197e50ec]
/home/sumin/tools/Xilinx/Vitis/2020.1/lib/lnx64.o/libhls_main.so(+0x179c9c) [0x7f5b2956bc9c]
/home/sumin/tools/Xilinx/Vitis/2020.1/lib/lnx64.o/libhls_support.so(xpcl::TclCommand::callbackInternal(int, Tcl_Obj* const*)+0x374) [0x7f5b291b8d84]
/home/sumin/tools/Xilinx/Vitis/2020.1/lib/lnx64.o/libhls_support.so(xpcl::TclCommand::callback(int, Tcl_Obj* const*)+0x2b) [0x7f5b291bd43b]
/home/sumin/tools/Xilinx/Vitis/2020.1/lib/lnx64.o/libtcl8.5.so(+0x334af) [0x7f5b2cf9f4af]
/home/sumin/tools/Xilinx/Vitis/2020.1/lib/lnx64.o/libtcl8.5.so(+0x76875) [0x7f5b2cfe2875]
/home/sumin/tools/Xilinx/Vitis/2020.1/lib/lnx64.o/libtcl8.5.so(TclObjInterpProcCore+0x420) [0x7f5b2d023df0]
/home/sumin/tools/Xilinx/Vitis/2020.1/lib/lnx64.o/libtcl8.5.so(+0x334af) [0x7f5b2cf9f4af]
/home/sumin/tools/Xilinx/Vitis/2020.1/lib/lnx64.o/libtcl8.5.so(+0x76875) [0x7f5b2cfe2875]
/home/sumin/tools/Xilinx/Vitis/2020.1/lib/lnx64.o/libtcl8.5.so(+0x7e029) [0x7f5b2cfea029]
/home/sumin/tools/Xilinx/Vitis/2020.1/lib/lnx64.o/libtcl8.5.so(TclEvalObjEx+0x76) [0x7f5b2cfa1156]
/home/sumin/tools/Xilinx/Vitis/2020.1/lib/lnx64.o/librdi_commontasks.so(+0x1dc582) [0x7f5b21561582]
/home/sumin/tools/Xilinx/Vitis/2020.1/lib/lnx64.o/libtcl8.5.so(+0x334af) [0x7f5b2cf9f4af]
/home/sumin/tools/Xilinx/Vitis/2020.1/lib/lnx64.o/libtcl8.5.so(+0x76875) [0x7f5b2cfe2875]
/home/sumin/tools/Xilinx/Vitis/2020.1/lib/lnx64.o/libtcl8.5.so(+0x7e029) [0x7f5b2cfea029]
/home/sumin/tools/Xilinx/Vitis/2020.1/lib/lnx64.o/libtcl8.5.so(TclEvalObjEx+0x76) [0x7f5b2cfa1156]
/home/sumin/tools/Xilinx/Vitis/2020.1/lib/lnx64.o/librdi_commontasks.so(+0x1db727) [0x7f5b21560727]
/home/sumin/tools/Xilinx/Vitis/2020.1/lib/lnx64.o/libtcl8.5.so(+0x334af) [0x7f5b2cf9f4af]
/home/sumin/tools/Xilinx/Vitis/2020.1/lib/lnx64.o/libtcl8.5.so(+0x76875) [0x7f5b2cfe2875]
/home/sumin/tools/Xilinx/Vitis/2020.1/lib/lnx64.o/libtcl8.5.so(TclObjInterpProcCore+0x420) [0x7f5b2d023df0]
/home/sumin/tools/Xilinx/Vitis/2020.1/lib/lnx64.o/libtcl8.5.so(+0x334af) [0x7f5b2cf9f4af]
/home/sumin/tools/Xilinx/Vitis/2020.1/lib/lnx64.o/libtcl8.5.so(+0x76875) [0x7f5b2cfe2875]
/home/sumin/tools/Xilinx/Vitis/2020.1/lib/lnx64.o/libtcl8.5.so(TclObjInterpProcCore+0x420) [0x7f5b2d023df0]
/home/sumin/tools/Xilinx/Vitis/2020.1/lib/lnx64.o/libtcl8.5.so(+0x334af) [0x7f5b2cf9f4af]
/home/sumin/tools/Xilinx/Vitis/2020.1/lib/lnx64.o/libtcl8.5.so(+0x76875) [0x7f5b2cfe2875]
/home/sumin/tools/Xilinx/Vitis/2020.1/lib/lnx64.o/libtcl8.5.so(TclObjInterpProcCore+0x420) [0x7f5b2d023df0]
/home/sumin/tools/Xilinx/Vitis/2020.1/lib/lnx64.o/libtcl8.5.so(+0x334af) [0x7f5b2cf9f4af]
/home/sumin/tools/Xilinx/Vitis/2020.1/lib/lnx64.o/libtcl8.5.so(+0x76875) [0x7f5b2cfe2875]
/home/sumin/tools/Xilinx/Vitis/2020.1/lib/lnx64.o/libtcl8.5.so(+0x7e029) [0x7f5b2cfea029]
/home/sumin/tools/Xilinx/Vitis/2020.1/lib/lnx64.o/libtcl8.5.so(TclEvalObjEx+0x76) [0x7f5b2cfa1156]
/home/sumin/tools/Xilinx/Vitis/2020.1/lib/lnx64.o/librdi_commontasks.so(+0x1db727) [0x7f5b21560727]
/home/sumin/tools/Xilinx/Vitis/2020.1/lib/lnx64.o/libtcl8.5.so(+0x334af) [0x7f5b2cf9f4af]
/home/sumin/tools/Xilinx/Vitis/2020.1/lib/lnx64.o/libtcl8.5.so(+0x76875) [0x7f5b2cfe2875]
/home/sumin/tools/Xilinx/Vitis/2020.1/lib/lnx64.o/libtcl8.5.so(Tcl_ExprObj+0xf8) [0x7f5b2cfe9c08]
/home/sumin/tools/Xilinx/Vitis/2020.1/lib/lnx64.o/libtcl8.5.so(Tcl_ExprBooleanObj+0x16) [0x7f5b2cf9fe96]
/home/sumin/tools/Xilinx/Vitis/2020.1/lib/lnx64.o/libtcl8.5.so(+0x3e6de) [0x7f5b2cfaa6de]
/home/sumin/tools/Xilinx/Vitis/2020.1/lib/lnx64.o/libtcl8.5.so(+0x334af) [0x7f5b2cf9f4af]
/home/sumin/tools/Xilinx/Vitis/2020.1/lib/lnx64.o/libtcl8.5.so(+0x34b38) [0x7f5b2cfa0b38]
/home/sumin/tools/Xilinx/Vitis/2020.1/lib/lnx64.o/libtcl8.5.so(Tcl_EvalEx+0x13) [0x7f5b2cfa10a3]
/home/sumin/tools/Xilinx/Vitis/2020.1/lib/lnx64.o/libtcl8.5.so(Tcl_Eval+0x15) [0x7f5b2cfa10c5]
/home/sumin/tools/Xilinx/Vitis/2020.1/lib/lnx64.o/libhls_main.so(+0xae5eb) [0x7f5b294a05eb]
/home/sumin/tools/Xilinx/Vitis/2020.1/lib/lnx64.o/libhls_support.so(xpcl::TclCommand::callbackInternal(int, Tcl_Obj* const*)+0x374) [0x7f5b291b8d84]
/home/sumin/tools/Xilinx/Vitis/2020.1/lib/lnx64.o/libhls_support.so(xpcl::TclCommand::callback(int, Tcl_Obj* const*)+0x2b) [0x7f5b291bd43b]
/home/sumin/tools/Xilinx/Vitis/2020.1/lib/lnx64.o/libtcl8.5.so(+0x334af) [0x7f5b2cf9f4af]
/home/sumin/tools/Xilinx/Vitis/2020.1/lib/lnx64.o/libtcl8.5.so(+0x76875) [0x7f5b2cfe2875]
/home/sumin/tools/Xilinx/Vitis/2020.1/lib/lnx64.o/libtcl8.5.so(TclObjInterpProcCore+0x420) [0x7f5b2d023df0]
/home/sumin/tools/Xilinx/Vitis/2020.1/lib/lnx64.o/libtcl8.5.so(+0x334af) [0x7f5b2cf9f4af]
/home/sumin/tools/Xilinx/Vitis/2020.1/lib/lnx64.o/libtcl8.5.so(+0x76875) [0x7f5b2cfe2875]
/home/sumin/tools/Xilinx/Vitis/2020.1/lib/lnx64.o/libtcl8.5.so(+0x7e029) [0x7f5b2cfea029]
/home/sumin/tools/Xilinx/Vitis/2020.1/lib/lnx64.o/libtcl8.5.so(TclEvalObjEx+0x76) [0x7f5b2cfa1156]
/home/sumin/tools/Xilinx/Vitis/2020.1/lib/lnx64.o/librdi_commontasks.so(+0x1db727) [0x7f5b21560727]
/home/sumin/tools/Xilinx/Vitis/2020.1/lib/lnx64.o/libtcl8.5.so(+0x334af) [0x7f5b2cf9f4af]
/home/sumin/tools/Xilinx/Vitis/2020.1/lib/lnx64.o/libtcl8.5.so(+0x76875) [0x7f5b2cfe2875]
/home/sumin/tools/Xilinx/Vitis/2020.1/lib/lnx64.o/libtcl8.5.so(Tcl_ExprObj+0xf8) [0x7f5b2cfe9c08]
/home/sumin/tools/Xilinx/Vitis/2020.1/lib/lnx64.o/libtcl8.5.so(Tcl_ExprBooleanObj+0x16) [0x7f5b2cf9fe96]
/home/sumin/tools/Xilinx/Vitis/2020.1/lib/lnx64.o/libtcl8.5.so(+0x3e6de) [0x7f5b2cfaa6de]
/home/sumin/tools/Xilinx/Vitis/2020.1/lib/lnx64.o/libtcl8.5.so(+0x334af) [0x7f5b2cf9f4af]
/home/sumin/tools/Xilinx/Vitis/2020.1/lib/lnx64.o/libtcl8.5.so(+0x34b38) [0x7f5b2cfa0b38]
/home/sumin/tools/Xilinx/Vitis/2020.1/lib/lnx64.o/libtcl8.5.so(Tcl_EvalEx+0x13) [0x7f5b2cfa10a3]
/home/sumin/tools/Xilinx/Vitis/2020.1/lib/lnx64.o/libtcl8.5.so(Tcl_Eval+0x15) [0x7f5b2cfa10c5]
/home/sumin/tools/Xilinx/Vitis/2020.1/lib/lnx64.o/libhls_main.so(+0xae5eb) [0x7f5b294a05eb]
/home/sumin/tools/Xilinx/Vitis/2020.1/lib/lnx64.o/libhls_support.so(xpcl::TclCommand::callbackInternal(int, Tcl_Obj* const*)+0x374) [0x7f5b291b8d84]
/home/sumin/tools/Xilinx/Vitis/2020.1/lib/lnx64.o/libhls_support.so(xpcl::TclCommand::callback(int, Tcl_Obj* const*)+0x2b) [0x7f5b291bd43b]
/home/sumin/tools/Xilinx/Vitis/2020.1/lib/lnx64.o/libtcl8.5.so(+0x334af) [0x7f5b2cf9f4af]
/home/sumin/tools/Xilinx/Vitis/2020.1/lib/lnx64.o/libtcl8.5.so(+0x34b38) [0x7f5b2cfa0b38]
/home/sumin/tools/Xilinx/Vitis/2020.1/lib/lnx64.o/libtcl8.5.so(Tcl_EvalEx+0x13) [0x7f5b2cfa10a3]
/home/sumin/tools/Xilinx/Vitis/2020.1/lib/lnx64.o/libtcl8.5.so(Tcl_FSEvalFileEx+0x1da) [0x7f5b2d005c5a]
/home/sumin/tools/Xilinx/Vitis/2020.1/lib/lnx64.o/libhls_main.so(ApSourceTclFile(std::__cxx11::basic_string<char, std::char_traits<char>, std::allocator<char> > const&, char const*)+0x77) [0x7f5b29493407]
/home/sumin/tools/Xilinx/Vitis/2020.1/lib/lnx64.o/libhls_main.so(+0xa66e9) [0x7f5b294986e9]
/home/sumin/tools/Xilinx/Vitis/2020.1/lib/lnx64.o/libhls_support.so(xpcl::TclCommand::callbackInternal(int, Tcl_Obj* const*)+0x374) [0x7f5b291b8d84]
/home/sumin/tools/Xilinx/Vitis/2020.1/lib/lnx64.o/libhls_support.so(xpcl::TclCommand::callback(int, Tcl_Obj* const*)+0x2b) [0x7f5b291bd43b]
/home/sumin/tools/Xilinx/Vitis/2020.1/lib/lnx64.o/libtcl8.5.so(+0x334af) [0x7f5b2cf9f4af]
/home/sumin/tools/Xilinx/Vitis/2020.1/lib/lnx64.o/libtcl8.5.so(Tcl_EvalObjv+0x32) [0x7f5b2cf9f5e2]
/home/sumin/tools/Xilinx/Vitis/2020.1/lib/lnx64.o/libtcl8.5.so(TclEvalObjEx+0x322) [0x7f5b2cfa1402]
/home/sumin/tools/Xilinx/Vitis/2020.1/lib/lnx64.o/librdi_hlstasks.so(+0x920a) [0x7f5b2994920a]
/home/sumin/tools/Xilinx/Vitis/2020.1/lib/lnx64.o/librdi_common.so(+0x9627f2) [0x7f5b32d037f2]
/home/sumin/tools/Xilinx/Vitis/2020.1/lib/lnx64.o/libtcl8.5.so(+0x334af) [0x7f5b2cf9f4af]
/home/sumin/tools/Xilinx/Vitis/2020.1/lib/lnx64.o/libtcl8.5.so(+0x34b38) [0x7f5b2cfa0b38]
/home/sumin/tools/Xilinx/Vitis/2020.1/lib/lnx64.o/libtcl8.5.so(Tcl_EvalEx+0x13) [0x7f5b2cfa10a3]
/home/sumin/tools/Xilinx/Vitis/2020.1/lib/lnx64.o/libtcl8.5.so(TclEvalObjEx+0x3cf) [0x7f5b2cfa14af]
/home/sumin/tools/Xilinx/Vitis/2020.1/lib/lnx64.o/libtcl8.5.so(+0xb74a9) [0x7f5b2d0234a9]
/home/sumin/tools/Xilinx/Vitis/2020.1/lib/lnx64.o/libtcl8.5.so(+0x334af) [0x7f5b2cf9f4af]
/home/sumin/tools/Xilinx/Vitis/2020.1/lib/lnx64.o/libtcl8.5.so(+0x76875) [0x7f5b2cfe2875]
/home/sumin/tools/Xilinx/Vitis/2020.1/lib/lnx64.o/libtcl8.5.so(TclObjInterpProcCore+0x420) [0x7f5b2d023df0]
/home/sumin/tools/Xilinx/Vitis/2020.1/lib/lnx64.o/libtcl8.5.so(+0x334af) [0x7f5b2cf9f4af]
/home/sumin/tools/Xilinx/Vitis/2020.1/lib/lnx64.o/libtcl8.5.so(+0x76875) [0x7f5b2cfe2875]
/home/sumin/tools/Xilinx/Vitis/2020.1/lib/lnx64.o/libtcl8.5.so(+0x7e029) [0x7f5b2cfea029]
/home/sumin/tools/Xilinx/Vitis/2020.1/lib/lnx64.o/libtcl8.5.so(TclEvalObjEx+0x76) [0x7f5b2cfa1156]
/home/sumin/tools/Xilinx/Vitis/2020.1/lib/lnx64.o/librdi_commontasks.so(+0x1db7c4) [0x7f5b215607c4]
/home/sumin/tools/Xilinx/Vitis/2020.1/lib/lnx64.o/libtcl8.5.so(+0x334af) [0x7f5b2cf9f4af]
/home/sumin/tools/Xilinx/Vitis/2020.1/lib/lnx64.o/libtcl8.5.so(+0x34b38) [0x7f5b2cfa0b38]
/home/sumin/tools/Xilinx/Vitis/2020.1/lib/lnx64.o/libtcl8.5.so(+0xad486) [0x7f5b2d019486]
/home/sumin/tools/Xilinx/Vitis/2020.1/lib/lnx64.o/libtcl8.5.so(+0x346c5) [0x7f5b2cfa06c5]
/home/sumin/tools/Xilinx/Vitis/2020.1/lib/lnx64.o/libtcl8.5.so(Tcl_EvalEx+0x13) [0x7f5b2cfa10a3]
/home/sumin/tools/Xilinx/Vitis/2020.1/lib/lnx64.o/libtcl8.5.so(Tcl_FSEvalFileEx+0x1da) [0x7f5b2d005c5a]
/home/sumin/tools/Xilinx/Vitis/2020.1/lib/lnx64.o/librdi_commontasks.so(+0x1f895d) [0x7f5b2157d95d]
/home/sumin/tools/Xilinx/Vitis/2020.1/lib/lnx64.o/librdi_common.so(+0x9627f2) [0x7f5b32d037f2]
/home/sumin/tools/Xilinx/Vitis/2020.1/lib/lnx64.o/libtcl8.5.so(+0x334af) [0x7f5b2cf9f4af]
/home/sumin/tools/Xilinx/Vitis/2020.1/lib/lnx64.o/libtcl8.5.so(Tcl_EvalObjv+0x32) [0x7f5b2cf9f5e2]
/home/sumin/tools/Xilinx/Vitis/2020.1/lib/lnx64.o/libtcl8.5.so(TclEvalObjEx+0x322) [0x7f5b2cfa1402]
/home/sumin/tools/Xilinx/Vitis/2020.1/lib/lnx64.o/librdi_commontasks.so(+0x23f068) [0x7f5b215c4068]
/home/sumin/tools/Xilinx/Vitis/2020.1/lib/lnx64.o/librdi_commontasks.so(+0x24093e) [0x7f5b215c593e]
/home/sumin/tools/Xilinx/Vitis/2020.1/lib/lnx64.o/librdi_common.so(+0x9627f2) [0x7f5b32d037f2]
/home/sumin/tools/Xilinx/Vitis/2020.1/lib/lnx64.o/libtcl8.5.so(+0x334af) [0x7f5b2cf9f4af]
/home/sumin/tools/Xilinx/Vitis/2020.1/lib/lnx64.o/libtcl8.5.so(Tcl_EvalObjv+0x32) [0x7f5b2cf9f5e2]
/home/sumin/tools/Xilinx/Vitis/2020.1/lib/lnx64.o/libtcl8.5.so(TclEvalObjEx+0x322) [0x7f5b2cfa1402]
/home/sumin/tools/Xilinx/Vitis/2020.1/lib/lnx64.o/librdi_commonmain.so(+0xad53) [0x7f5b32199d53]
/home/sumin/tools/Xilinx/Vitis/2020.1/lib/lnx64.o/libtcl8.5.so(Tcl_Main+0x1d0) [0x7f5b2d00c210]
/home/sumin/tools/Xilinx/Vitis/2020.1/lib/lnx64.o/librdi_common.so(+0x9a6e6b) [0x7f5b32d47e6b]
/lib/x86_64-linux-gnu/libpthread.so.0(+0x8609) [0x7f5b2b6c7609]
/lib/x86_64-linux-gnu/libc.so.6(clone+0x43) [0x7f5b31b0c163]
